Start testing: Sep 13 22:05 W. Europe Daylight Time
----------------------------------------------------------
1/1 Testing: TestRenderer
1/1 Test: TestRenderer
Command: "C:/Users/ivanz/prog/cpp/ascii_game/build/tests/Debug/test_renderer.exe"
Directory: C:/Users/ivanz/prog/cpp/ascii_game/build/tests
"TestRenderer" start time: Sep 13 22:05 W. Europe Daylight Time
Output:
----------------------------------------------------------
Test passed!
<end of output>
Test time =   0.14 sec
----------------------------------------------------------
Test Passed.
"TestRenderer" end time: Sep 13 22:05 W. Europe Daylight Time
"TestRenderer" time elapsed: 00:00:00
----------------------------------------------------------

End testing: Sep 13 22:05 W. Europe Daylight Time
